<?xml version="1.0" encoding="UTF-8"?>
<testng-results skipped="0" failed="0" ignored="0" total="2" passed="2">
  <reporter-output>
  </reporter-output>
  <suite name="Default suite" duration-ms="374" started-at="2018-08-08T19:08:27Z" finished-at="2018-08-08T19:08:27Z">
    <groups>
    </groups>
    <test name="Default test" duration-ms="374" started-at="2018-08-08T19:08:27Z" finished-at="2018-08-08T19:08:27Z">
      <class name="main.Sample">
        <test-method status="PASS" signature="SamplePrgm1(java.lang.String, java.lang.String)[pri:0, instance:main.Sample@53f65459]" name="SamplePrgm1" duration-ms="24" started-at="2018-08-08T19:08:27Z" data-provider="data" finished-at="2018-08-08T19:08:27Z">
          <params>
            <param index="0">
              <value>
                <![CDATA[Old]]>
              </value>
            </param>
            <param index="1">
              <value>
                <![CDATA[test]]>
              </value>
            </param>
          </params>
          <reporter-output>
          </reporter-output>
        </test-method> <!-- SamplePrgm1 -->
        <test-method status="PASS" signature="SamplePrgm1(java.lang.String, java.lang.String)[pri:0, instance:main.Sample@53f65459]" name="SamplePrgm1" duration-ms="4" started-at="2018-08-08T19:08:27Z" data-provider="data" finished-at="2018-08-08T19:08:27Z">
          <params>
            <param index="0">
              <value>
                <![CDATA[New]]>
              </value>
            </param>
            <param index="1">
              <value>
                <![CDATA[data]]>
              </value>
            </param>
          </params>
          <reporter-output>
          </reporter-output>
        </test-method> <!-- SamplePrgm1 -->
      </class> <!-- main.Sample -->
    </test> <!-- Default test -->
  </suite> <!-- Default suite -->
</testng-results>
